<?xml version="1.0" encoding="UTF-8"?>
<testsuite xmlns:xsi="http://www.w3.org/2001/XMLSchema-instance" xsi:noNamespaceSchemaLocation="https://maven.apache.org/surefire/maven-surefire-plugin/xsd/surefire-test-report.xsd" version="3.0.2" name="com.example.assetmanagement.repotest.AssetAllocationRepoTest" time="1.71" tests="8" errors="0" skipped="0" failures="0">
  <properties>
[...]
</properties>
  <testcase name="testFindAllByOrderByAllocationDateDesc" classname="com.example.assetmanagement.repotest.AssetAllocationRepoTest" time="0.368">
    <system-out><![CDATA[2025-07-15T17:40:40.239+05:30  INFO 15548 --- [assetmanagement] [           main] t.c.s.AnnotationConfigContextLoaderUtils : Could not detect default configuration classes for test class [com.example.assetmanagement.repotest.AssetAllocationRepoTest]: AssetAllocationRepoTest does not declare any static, non-private, non-final, nested classes annotated with @Configuration.
2025-07-15T17:40:40.276+05:30  INFO 15548 --- [assetmanagement] [           main] .b.t.c.SpringBootTestContextBootstrapper : Found @SpringBootConfiguration com.example.assetmanagement.AssetmanagementApplication for test class com.example.assetmanagement.repotest.AssetAllocationRepoTest
2025-07-15T17:40:40.281+05:30  INFO 15548 --- [assetmanagement] [           main] o.s.b.d.r.RestartApplicationListener     : Restart disabled due to context in which it is running

  .   ____          _            __ _ _
 /\\ / ___'_ __ _ _(_)_ __  __ _ \ \ \ \
( ( )\___ | '_ | '_| | '_ \/ _` | \ \ \ \
 \\/  ___)| |_)| | | | | || (_| |  ) ) ) )
  '  |____| .__|_| |_|_| |_\__, | / / / /
 =========|_|==============|___/=/_/_/_/

 :: Spring Boot ::                (v3.5.0)

2025-07-15T17:40:40.316+05:30  INFO 15548 --- [assetmanagement] [           main] c.e.a.repotest.AssetAllocationRepoTest   : Starting AssetAllocationRepoTest using Java 24 with PID 15548 (started by KEERTHANA in D:\CASESTUDY\assetmanagement)
2025-07-15T17:40:40.316+05:30  INFO 15548 --- [assetmanagement] [           main] c.e.a.repotest.AssetAllocationRepoTest   : No active profile set, falling back to 1 default profile: "default"
2025-07-15T17:40:40.458+05:30  INFO 15548 --- [assetmanagement] [           main] .s.d.r.c.RepositoryConfigurationDelegate : Bootstrapping Spring Data JPA repositories in DEFAULT mode.
2025-07-15T17:40:40.490+05:30  INFO 15548 --- [assetmanagement] [           main] .s.d.r.c.RepositoryConfigurationDelegate : Finished Spring Data repository scanning in 31 ms. Found 8 JPA repository interfaces.
2025-07-15T17:40:40.511+05:30  INFO 15548 --- [assetmanagement] [           main] beddedDataSourceBeanFactoryPostProcessor : Replacing 'dataSource' DataSource bean with embedded version
2025-07-15T17:40:40.550+05:30  INFO 15548 --- [assetmanagement] [           main] o.s.j.d.e.EmbeddedDatabaseFactory        : Starting embedded database: url='jdbc:h2:mem:83a8777c-4609-48d4-9372-3ca492656cbf;DB_CLOSE_DELAY=-1;DB_CLOSE_ON_EXIT=false', username='sa'
2025-07-15T17:40:40.845+05:30  INFO 15548 --- [assetmanagement] [           main] o.hibernate.jpa.internal.util.LogHelper  : HHH000204: Processing PersistenceUnitInfo [name: default]
2025-07-15T17:40:40.849+05:30  INFO 15548 --- [assetmanagement] [           main] o.h.c.internal.RegionFactoryInitiator    : HHH000026: Second-level cache disabled
2025-07-15T17:40:40.859+05:30  INFO 15548 --- [assetmanagement] [           main] o.s.o.j.p.SpringPersistenceUnitInfo      : No LoadTimeWeaver setup: ignoring JPA class transformer
2025-07-15T17:40:40.881+05:30  INFO 15548 --- [assetmanagement] [           main] org.hibernate.orm.connections.pooling    : HHH10001005: Database info:
	Database JDBC URL [Connecting through datasource 'org.springframework.jdbc.datasource.embedded.EmbeddedDatabaseFactory$EmbeddedDataSourceProxy@7c9a5397']
	Database driver: undefined/unknown
	Database version: 2.3.232
	Autocommit mode: undefined/unknown
	Isolation level: undefined/unknown
	Minimum pool size: undefined/unknown
	Maximum pool size: undefined/unknown
2025-07-15T17:40:41.054+05:30  INFO 15548 --- [assetmanagement] [           main] o.h.e.t.j.p.i.JtaPlatformInitiator       : HHH000489: No JTA platform available (set 'hibernate.transaction.jta.platform' to enable JTA platform integration)
Hibernate: create table asset (id bigint generated by default as identity, asset_model varchar(255), asset_name varchar(255) not null, asset_no varchar(255) not null, asset_status enum ('ALLOCATED','AVAILABLE','DAMAGED','DISCARDED','IN_MAINTENANCE','IN_USE','RETURNED','UNDER_MAINTENANCE','WORKING'), asset_value float(53), created_at timestamp(6) not null, description TEXT, expiry_date date, image_url varchar(500), manufacturing_date date, updated_at timestamp(6), category_id bigint, primary key (id))
Hibernate: create table asset_allocation (id bigint generated by default as identity, allocation_date timestamp(6) not null, allocation_status enum ('ALLOCATED','BORROWED','IN_USE','REQUESTED','RETURNED') not null, request_date timestamp(6) not null, return_date timestamp(6), asset_id bigint not null, employee_id bigint not null, primary key (id))
Hibernate: create table asset_audit (id bigint generated by default as identity, audit_date timestamp(6) not null, remarks varchar(1000), status enum ('APPROVED','COMPLETED','DAMAGED','IN_USE','MARKED_RETURNED','PENDING','REJECTED','RESOLVED','RETURNED','RETURN_REQUEST','SHIPPED') not null, asset_id bigint not null, employee_id bigint not null, primary key (id))
Hibernate: create table asset_category (id bigint generated by default as identity, category_name varchar(255) not null, primary key (id))
Hibernate: create table employee (id bigint generated by default as identity, address varchar(255) not null, contact_number varchar(255) not null, created_at timestamp(6) not null, email varchar(255) not null, empstatus enum ('ACTIVE','INACTIVE'), gender enum ('FEMALE','MALE','OTHER') not null, name varchar(100) not null, password varchar(255), role enum ('ADMIN','EMPLOYEE') not null, username varchar(50) not null, primary key (id))
Hibernate: create table new_asset_request (id bigint generated by default as identity, description varchar(1000), address_line1 varchar(100) not null, phone varchar(15), request_date timestamp(6) not null, request_reason TEXT not null, status enum ('APPROVED','COMPLETED','DAMAGED','IN_USE','MARKED_RETURNED','PENDING','REJECTED','RESOLVED','RETURNED','RETURN_REQUEST','SHIPPED') not null, zip_code varchar(10) not null, asset_id bigint, employee_id bigint not null, category_id bigint not null, primary key (id))
Hibernate: create table return_request (id bigint generated by default as identity, reason varchar(255), request_date timestamp(6), return_date timestamp(6), status enum ('APPROVED','COMPLETED','DAMAGED','IN_USE','MARKED_RETURNED','PENDING','REJECTED','RESOLVED','RETURNED','RETURN_REQUEST','SHIPPED'), asset_id bigint, employee_id bigint, primary key (id))
Hibernate: create table service_request (id bigint generated by default as identity, description varchar(500), issue_type enum ('HARDWARE','MALFUNCTION','OTHER','REPAIR','SOFTWARE') not null, request_date timestamp(6) not null, status enum ('APPROVED','COMPLETED','DAMAGED','IN_USE','MARKED_RETURNED','PENDING','REJECTED','RESOLVED','RETURNED','RETURN_REQUEST','SHIPPED') not null, asset_id bigint not null, employee_id bigint not null, primary key (id))
Hibernate: create table users (id bigint generated by default as identity, email varchar(255) not null, password varchar(255) not null, username varchar(50) not null, userrole enum ('ADMIN','EMPLOYEE') not null, primary key (id))
Hibernate: alter table if exists asset drop constraint if exists UKpqhyoravdj9mg7oywd8wulpct
Hibernate: alter table if exists asset add constraint UKpqhyoravdj9mg7oywd8wulpct unique (asset_no)
Hibernate: alter table if exists asset_category drop constraint if exists UKdk8ca8a0h0rrn1fx4pp73dw1e
Hibernate: alter table if exists asset_category add constraint UKdk8ca8a0h0rrn1fx4pp73dw1e unique (category_name)
Hibernate: alter table if exists employee drop constraint if exists UKfopic1oh5oln2khj8eat6ino0
Hibernate: alter table if exists employee add constraint UKfopic1oh5oln2khj8eat6ino0 unique (email)
Hibernate: alter table if exists employee drop constraint if exists UKim8flsuftl52etbhgnr62d6wh
Hibernate: alter table if exists employee add constraint UKim8flsuftl52etbhgnr62d6wh unique (username)
Hibernate: alter table if exists users drop constraint if exists UK6dotkott2kjsp8vw4d0m25fb7
Hibernate: alter table if exists users add constraint UK6dotkott2kjsp8vw4d0m25fb7 unique (email)
Hibernate: alter table if exists users drop constraint if exists UKr43af9ap4edm43mmtq01oddj6
Hibernate: alter table if exists users add constraint UKr43af9ap4edm43mmtq01oddj6 unique (username)
Hibernate: alter table if exists asset add constraint FKhw44q3ymkd329b8b6mvqxatsh foreign key (category_id) references asset_category
Hibernate: alter table if exists asset_allocation add constraint FKil45gttq1agu6vntbnupl91de foreign key (asset_id) references asset
Hibernate: alter table if exists asset_allocation add constraint FKkam0m4qspv2m1lvb64enucppe foreign key (employee_id) references employee
Hibernate: alter table if exists asset_audit add constraint FKt8yehrfpob1homfjso1f704f7 foreign key (asset_id) references asset
Hibernate: alter table if exists asset_audit add constraint FKdy3w7kk9j8icspxy7bafuhoou foreign key (employee_id) references employee
Hibernate: alter table if exists new_asset_request add constraint FKkfw0b2d7n3hf1k5t33w0nr3hn foreign key (asset_id) references asset
Hibernate: alter table if exists new_asset_request add constraint FKmgjkbinhabpc83nimtuqub19y foreign key (employee_id) references employee
Hibernate: alter table if exists new_asset_request add constraint FKnufqe0dsua3sg83c3tgtyhaef foreign key (category_id) references asset_category
Hibernate: alter table if exists return_request add constraint FKhn03pia8haw5bnchm50v5v8jw foreign key (asset_id) references asset
Hibernate: alter table if exists return_request add constraint FKallcp9sa12jyjstmsvdrl7gd3 foreign key (employee_id) references employee
Hibernate: alter table if exists service_request add constraint FKppgg978nnelu6dibpdtym2ffo foreign key (asset_id) references asset
Hibernate: alter table if exists service_request add constraint FKio9ih9doel1g9x9l2herxgvsb foreign key (employee_id) references employee
2025-07-15T17:40:41.157+05:30  INFO 15548 --- [assetmanagement] [           main] j.LocalContainerEntityManagerFactoryBean : Initialized JPA EntityManagerFactory for persistence unit 'default'
2025-07-15T17:40:41.316+05:30  INFO 15548 --- [assetmanagement] [           main] c.e.a.repotest.AssetAllocationRepoTest   : Started AssetAllocationRepoTest in 1.036 seconds (process running for 14.677)
Hibernate: insert into asset_category (category_name,id) values (?,default)
Hibernate: insert into employee (address,contact_number,created_at,email,empstatus,gender,name,password,role,username,id) values (?,?,?,?,?,?,?,?,?,?,default)
Hibernate: insert into asset (asset_model,asset_name,asset_no,asset_status,asset_value,category_id,created_at,description,expiry_date,image_url,manufacturing_date,updated_at,id) values (?,?,?,?,?,?,?,?,?,?,?,?,default)
Hibernate: insert into asset_allocation (allocation_date,allocation_status,asset_id,employee_id,request_date,return_date,id) values (?,?,?,?,?,?,default)
Hibernate: select aa1_0.id,aa1_0.allocation_date,aa1_0.allocation_status,aa1_0.asset_id,aa1_0.employee_id,aa1_0.request_date,aa1_0.return_date from asset_allocation aa1_0 order by aa1_0.allocation_date desc
]]></system-out>
  </testcase>
  <testcase name="testFindByEmployeeId" classname="com.example.assetmanagement.repotest.AssetAllocationRepoTest" time="0.035">
    <system-out><![CDATA[Hibernate: insert into asset_category (category_name,id) values (?,default)
Hibernate: insert into employee (address,contact_number,created_at,email,empstatus,gender,name,password,role,username,id) values (?,?,?,?,?,?,?,?,?,?,default)
Hibernate: insert into asset (asset_model,asset_name,asset_no,asset_status,asset_value,category_id,created_at,description,expiry_date,image_url,manufacturing_date,updated_at,id) values (?,?,?,?,?,?,?,?,?,?,?,?,default)
Hibernate: insert into asset_allocation (allocation_date,allocation_status,asset_id,employee_id,request_date,return_date,id) values (?,?,?,?,?,?,default)
Hibernate: select aa1_0.id,aa1_0.allocation_date,aa1_0.allocation_status,aa1_0.asset_id,aa1_0.employee_id,aa1_0.request_date,aa1_0.return_date from asset_allocation aa1_0 join employee e1_0 on e1_0.id=aa1_0.employee_id where e1_0.id=?
]]></system-out>
  </testcase>
  <testcase name="testFindByAllocationStatus" classname="com.example.assetmanagement.repotest.AssetAllocationRepoTest" time="0.023">
    <system-out><![CDATA[Hibernate: insert into asset_category (category_name,id) values (?,default)
Hibernate: insert into employee (address,contact_number,created_at,email,empstatus,gender,name,password,role,username,id) values (?,?,?,?,?,?,?,?,?,?,default)
Hibernate: insert into asset (asset_model,asset_name,asset_no,asset_status,asset_value,category_id,created_at,description,expiry_date,image_url,manufacturing_date,updated_at,id) values (?,?,?,?,?,?,?,?,?,?,?,?,default)
Hibernate: insert into asset_allocation (allocation_date,allocation_status,asset_id,employee_id,request_date,return_date,id) values (?,?,?,?,?,?,default)
Hibernate: select aa1_0.id,aa1_0.allocation_date,aa1_0.allocation_status,aa1_0.asset_id,aa1_0.employee_id,aa1_0.request_date,aa1_0.return_date from asset_allocation aa1_0 where aa1_0.allocation_status=?
]]></system-out>
  </testcase>
  <testcase name="testExistsByAssetAndAllocationStatus" classname="com.example.assetmanagement.repotest.AssetAllocationRepoTest" time="0.024">
    <system-out><![CDATA[Hibernate: insert into asset_category (category_name,id) values (?,default)
Hibernate: insert into employee (address,contact_number,created_at,email,empstatus,gender,name,password,role,username,id) values (?,?,?,?,?,?,?,?,?,?,default)
Hibernate: insert into asset (asset_model,asset_name,asset_no,asset_status,asset_value,category_id,created_at,description,expiry_date,image_url,manufacturing_date,updated_at,id) values (?,?,?,?,?,?,?,?,?,?,?,?,default)
Hibernate: insert into asset_allocation (allocation_date,allocation_status,asset_id,employee_id,request_date,return_date,id) values (?,?,?,?,?,?,default)
Hibernate: select aa1_0.id from asset_allocation aa1_0 where aa1_0.asset_id=? and aa1_0.allocation_status=? fetch first ? rows only
]]></system-out>
  </testcase>
  <testcase name="testFindByAssetAndAllocationStatus" classname="com.example.assetmanagement.repotest.AssetAllocationRepoTest" time="0.019">
    <system-out><![CDATA[Hibernate: insert into asset_category (category_name,id) values (?,default)
Hibernate: insert into employee (address,contact_number,created_at,email,empstatus,gender,name,password,role,username,id) values (?,?,?,?,?,?,?,?,?,?,default)
Hibernate: insert into asset (asset_model,asset_name,asset_no,asset_status,asset_value,category_id,created_at,description,expiry_date,image_url,manufacturing_date,updated_at,id) values (?,?,?,?,?,?,?,?,?,?,?,?,default)
Hibernate: insert into asset_allocation (allocation_date,allocation_status,asset_id,employee_id,request_date,return_date,id) values (?,?,?,?,?,?,default)
Hibernate: select aa1_0.id,aa1_0.allocation_date,aa1_0.allocation_status,aa1_0.asset_id,aa1_0.employee_id,aa1_0.request_date,aa1_0.return_date from asset_allocation aa1_0 where aa1_0.asset_id=? and aa1_0.allocation_status=?
]]></system-out>
  </testcase>
  <testcase name="testFindByAssetAndEmployeeAndAllocationStatus" classname="com.example.assetmanagement.repotest.AssetAllocationRepoTest" time="0.018">
    <system-out><![CDATA[Hibernate: insert into asset_category (category_name,id) values (?,default)
Hibernate: insert into employee (address,contact_number,created_at,email,empstatus,gender,name,password,role,username,id) values (?,?,?,?,?,?,?,?,?,?,default)
Hibernate: insert into asset (asset_model,asset_name,asset_no,asset_status,asset_value,category_id,created_at,description,expiry_date,image_url,manufacturing_date,updated_at,id) values (?,?,?,?,?,?,?,?,?,?,?,?,default)
Hibernate: insert into asset_allocation (allocation_date,allocation_status,asset_id,employee_id,request_date,return_date,id) values (?,?,?,?,?,?,default)
Hibernate: select aa1_0.id,aa1_0.allocation_date,aa1_0.allocation_status,aa1_0.asset_id,aa1_0.employee_id,aa1_0.request_date,aa1_0.return_date from asset_allocation aa1_0 where aa1_0.asset_id=? and aa1_0.employee_id=? and aa1_0.allocation_status=?
]]></system-out>
  </testcase>
  <testcase name="testFindByAssetAndEmployee" classname="com.example.assetmanagement.repotest.AssetAllocationRepoTest" time="0.073">
    <system-out><![CDATA[Hibernate: insert into asset_category (category_name,id) values (?,default)
Hibernate: insert into employee (address,contact_number,created_at,email,empstatus,gender,name,password,role,username,id) values (?,?,?,?,?,?,?,?,?,?,default)
Hibernate: insert into asset (asset_model,asset_name,asset_no,asset_status,asset_value,category_id,created_at,description,expiry_date,image_url,manufacturing_date,updated_at,id) values (?,?,?,?,?,?,?,?,?,?,?,?,default)
Hibernate: insert into asset_allocation (allocation_date,allocation_status,asset_id,employee_id,request_date,return_date,id) values (?,?,?,?,?,?,default)
Hibernate: select aa1_0.id,aa1_0.allocation_date,aa1_0.allocation_status,aa1_0.asset_id,aa1_0.employee_id,aa1_0.request_date,aa1_0.return_date from asset_allocation aa1_0 where aa1_0.asset_id=? and aa1_0.employee_id=?
]]></system-out>
  </testcase>
  <testcase name="testFindByEmployee" classname="com.example.assetmanagement.repotest.AssetAllocationRepoTest" time="0.054">
    <system-out><![CDATA[Hibernate: insert into asset_category (category_name,id) values (?,default)
Hibernate: insert into employee (address,contact_number,created_at,email,empstatus,gender,name,password,role,username,id) values (?,?,?,?,?,?,?,?,?,?,default)
Hibernate: insert into asset (asset_model,asset_name,asset_no,asset_status,asset_value,category_id,created_at,description,expiry_date,image_url,manufacturing_date,updated_at,id) values (?,?,?,?,?,?,?,?,?,?,?,?,default)
Hibernate: insert into asset_allocation (allocation_date,allocation_status,asset_id,employee_id,request_date,return_date,id) values (?,?,?,?,?,?,default)
Hibernate: select aa1_0.id,aa1_0.allocation_date,aa1_0.allocation_status,aa1_0.asset_id,aa1_0.employee_id,aa1_0.request_date,aa1_0.return_date from asset_allocation aa1_0 where aa1_0.employee_id=?
]]></system-out>
  </testcase>
</testsuite>