<?xml version="1.0" encoding="UTF-8"?>
<testsuite xmlns:xsi="http://www.w3.org/2001/XMLSchema-instance" xsi:noNamespaceSchemaLocation="https://maven.apache.org/surefire/maven-surefire-plugin/xsd/surefire-test-report.xsd" version="3.0.2" name="com.example.assetmanagement.integrationtest.UserRestIntegrationTest" time="16.893" tests="4" errors="0" skipped="0" failures="4">
  <properties>
[...]
</properties>
  <testcase name="testLogin_Success" classname="com.example.assetmanagement.integrationtest.UserRestIntegrationTest" time="1.566">
    <failure message="Status expected:&lt;200&gt; but was:&lt;500&gt;" type="java.lang.AssertionError"><![CDATA[java.lang.AssertionError: Status expected:<200> but was:<500>
	at org.springframework.test.util.AssertionErrors.fail(AssertionErrors.java:61)
	at org.springframework.test.util.AssertionErrors.assertEquals(AssertionErrors.java:128)
	at org.springframework.test.web.servlet.result.StatusResultMatchers.lambda$matcher$9(StatusResultMatchers.java:640)
	at org.springframework.test.web.servlet.MockMvc$1.andExpect(MockMvc.java:214)
	at com.example.assetmanagement.integrationtest.UserRestIntegrationTest.testLogin_Success(UserRestIntegrationTest.java:86)
	at java.base/java.lang.reflect.Method.invoke(Method.java:565)
	at java.base/java.util.ArrayList.forEach(ArrayList.java:1604)
	at java.base/java.util.ArrayList.forEach(ArrayList.java:1604)
]]></failure>
    <system-out><![CDATA[23:13:22.224 [main] INFO org.springframework.test.context.support.AnnotationConfigContextLoaderUtils -- Could not detect default configuration classes for test class [com.example.assetmanagement.integrationtest.UserRestIntegrationTest]: UserRestIntegrationTest does not declare any static, non-private, non-final, nested classes annotated with @Configuration.
23:13:22.590 [main] INFO org.springframework.boot.test.context.SpringBootTestContextBootstrapper -- Found @SpringBootConfiguration com.example.assetmanagement.AssetmanagementApplication for test class com.example.assetmanagement.integrationtest.UserRestIntegrationTest
23:13:23.034 [main] INFO org.springframework.boot.devtools.restart.RestartApplicationListener -- Restart disabled due to context in which it is running

  .   ____          _            __ _ _
 /\\ / ___'_ __ _ _(_)_ __  __ _ \ \ \ \
( ( )\___ | '_ | '_| | '_ \/ _` | \ \ \ \
 \\/  ___)| |_)| | | | | || (_| |  ) ) ) )
  '  |____| .__|_| |_|_| |_\__, | / / / /
 =========|_|==============|___/=/_/_/_/

 :: Spring Boot ::                (v3.5.0)

2025-07-16T23:13:23.837+05:30  INFO 5148 --- [assetmanagement] [           main] c.e.a.i.UserRestIntegrationTest          : Starting UserRestIntegrationTest using Java 24 with PID 5148 (started by KEERTHANA in D:\CASESTUDY\assetmanagement)
2025-07-16T23:13:23.840+05:30  INFO 5148 --- [assetmanagement] [           main] c.e.a.i.UserRestIntegrationTest          : The following 1 profile is active: "test"
2025-07-16T23:13:25.742+05:30  INFO 5148 --- [assetmanagement] [           main] .s.d.r.c.RepositoryConfigurationDelegate : Bootstrapping Spring Data JPA repositories in DEFAULT mode.
2025-07-16T23:13:25.994+05:30  INFO 5148 --- [assetmanagement] [           main] .s.d.r.c.RepositoryConfigurationDelegate : Finished Spring Data repository scanning in 223 ms. Found 8 JPA repository interfaces.
2025-07-16T23:13:27.595+05:30  INFO 5148 --- [assetmanagement] [           main] o.hibernate.jpa.internal.util.LogHelper  : HHH000204: Processing PersistenceUnitInfo [name: default]
2025-07-16T23:13:27.764+05:30  INFO 5148 --- [assetmanagement] [           main] org.hibernate.Version                    : HHH000412: Hibernate ORM core version 6.6.15.Final
2025-07-16T23:13:27.864+05:30  INFO 5148 --- [assetmanagement] [           main] o.h.c.internal.RegionFactoryInitiator    : HHH000026: Second-level cache disabled
2025-07-16T23:13:28.744+05:30  INFO 5148 --- [assetmanagement] [           main] o.s.o.j.p.SpringPersistenceUnitInfo      : No LoadTimeWeaver setup: ignoring JPA class transformer
2025-07-16T23:13:28.832+05:30  INFO 5148 --- [assetmanagement] [           main] com.zaxxer.hikari.HikariDataSource       : HikariPool-1 - Starting...
2025-07-16T23:13:29.296+05:30  INFO 5148 --- [assetmanagement] [           main] com.zaxxer.hikari.pool.HikariPool        : HikariPool-1 - Added connection conn0: url=jdbc:h2:mem:testdb user=SA
2025-07-16T23:13:29.300+05:30  INFO 5148 --- [assetmanagement] [           main] com.zaxxer.hikari.HikariDataSource       : HikariPool-1 - Start completed.
2025-07-16T23:13:29.370+05:30  WARN 5148 --- [assetmanagement] [           main] org.hibernate.orm.deprecation            : HHH90000025: H2Dialect does not need to be specified explicitly using 'hibernate.dialect' (remove the property setting and it will be selected by default)
2025-07-16T23:13:29.426+05:30  INFO 5148 --- [assetmanagement] [           main] org.hibernate.orm.connections.pooling    : HHH10001005: Database info:
	Database JDBC URL [Connecting through datasource 'HikariDataSource (HikariPool-1)']
	Database driver: undefined/unknown
	Database version: 2.3.232
	Autocommit mode: undefined/unknown
	Isolation level: undefined/unknown
	Minimum pool size: undefined/unknown
	Maximum pool size: undefined/unknown
2025-07-16T23:13:32.268+05:30  INFO 5148 --- [assetmanagement] [           main] o.h.e.t.j.p.i.JtaPlatformInitiator       : HHH000489: No JTA platform available (set 'hibernate.transaction.jta.platform' to enable JTA platform integration)
Hibernate: drop table if exists asset cascade 
Hibernate: drop table if exists asset_allocation cascade 
Hibernate: drop table if exists asset_audit cascade 
Hibernate: drop table if exists asset_category cascade 
Hibernate: drop table if exists employee cascade 
Hibernate: drop table if exists new_asset_request cascade 
Hibernate: drop table if exists return_request cascade 
Hibernate: drop table if exists service_request cascade 
Hibernate: drop table if exists users cascade 
Hibernate: create table asset (asset_value float(53), expiry_date date, manufacturing_date date, category_id bigint, created_at timestamp(6) not null, id bigint generated by default as identity, updated_at timestamp(6), image_url varchar(500), asset_model varchar(255), asset_name varchar(255) not null, asset_no varchar(255) not null unique, description TEXT, asset_status enum ('ALLOCATED','AVAILABLE','DAMAGED','DISCARDED','IN_MAINTENANCE','IN_USE','RETURNED','UNDER_MAINTENANCE','WORKING'), primary key (id))
Hibernate: create table asset_allocation (allocation_date timestamp(6) not null, asset_id bigint not null, employee_id bigint not null, id bigint generated by default as identity, request_date timestamp(6) not null, return_date timestamp(6), allocation_status enum ('ALLOCATED','BORROWED','IN_USE','REQUESTED','RETURNED') not null, primary key (id))
Hibernate: create table asset_audit (asset_id bigint not null, audit_date timestamp(6) not null, employee_id bigint not null, id bigint generated by default as identity, remarks varchar(1000), status enum ('APPROVED','COMPLETED','DAMAGED','IN_USE','MARKED_RETURNED','PENDING','REJECTED','RESOLVED','RETURNED','RETURN_REQUEST','SHIPPED') not null, primary key (id))
Hibernate: create table asset_category (id bigint generated by default as identity, category_name varchar(255) not null unique, primary key (id))
Hibernate: create table employee (created_at timestamp(6) not null, id bigint generated by default as identity, username varchar(50) not null unique, name varchar(100) not null, address varchar(255) not null, contact_number varchar(255) not null, email varchar(255) not null unique, password varchar(255), empstatus enum ('ACTIVE','INACTIVE'), gender enum ('FEMALE','MALE','OTHER') not null, role enum ('ADMIN','EMPLOYEE') not null, primary key (id))
Hibernate: create table new_asset_request (asset_id bigint, category_id bigint not null, employee_id bigint not null, id bigint generated by default as identity, request_date timestamp(6) not null, zip_code varchar(10) not null, phone varchar(15), address_line1 varchar(100) not null, description varchar(1000), request_reason TEXT not null, status enum ('APPROVED','COMPLETED','DAMAGED','IN_USE','MARKED_RETURNED','PENDING','REJECTED','RESOLVED','RETURNED','RETURN_REQUEST','SHIPPED') not null, primary key (id))
Hibernate: create table return_request (asset_id bigint, employee_id bigint, id bigint generated by default as identity, request_date timestamp(6), return_date timestamp(6), reason varchar(255), status enum ('APPROVED','COMPLETED','DAMAGED','IN_USE','MARKED_RETURNED','PENDING','REJECTED','RESOLVED','RETURNED','RETURN_REQUEST','SHIPPED'), primary key (id))
Hibernate: create table service_request (asset_id bigint not null, employee_id bigint not null, id bigint generated by default as identity, request_date timestamp(6) not null, description varchar(500), issue_type enum ('HARDWARE','MALFUNCTION','OTHER','REPAIR','SOFTWARE') not null, status enum ('APPROVED','COMPLETED','DAMAGED','IN_USE','MARKED_RETURNED','PENDING','REJECTED','RESOLVED','RETURNED','RETURN_REQUEST','SHIPPED') not null, primary key (id))
Hibernate: create table users (id bigint generated by default as identity, username varchar(50) not null unique, email varchar(255) not null unique, password varchar(255) not null, userrole enum ('ADMIN','EMPLOYEE') not null, primary key (id))
Hibernate: alter table if exists asset add constraint FKhw44q3ymkd329b8b6mvqxatsh foreign key (category_id) references asset_category
Hibernate: alter table if exists asset_allocation add constraint FKil45gttq1agu6vntbnupl91de foreign key (asset_id) references asset
Hibernate: alter table if exists asset_allocation add constraint FKkam0m4qspv2m1lvb64enucppe foreign key (employee_id) references employee
Hibernate: alter table if exists asset_audit add constraint FKt8yehrfpob1homfjso1f704f7 foreign key (asset_id) references asset
Hibernate: alter table if exists asset_audit add constraint FKdy3w7kk9j8icspxy7bafuhoou foreign key (employee_id) references employee
Hibernate: alter table if exists new_asset_request add constraint FKkfw0b2d7n3hf1k5t33w0nr3hn foreign key (asset_id) references asset
Hibernate: alter table if exists new_asset_request add constraint FKmgjkbinhabpc83nimtuqub19y foreign key (employee_id) references employee
Hibernate: alter table if exists new_asset_request add constraint FKnufqe0dsua3sg83c3tgtyhaef foreign key (category_id) references asset_category
Hibernate: alter table if exists return_request add constraint FKhn03pia8haw5bnchm50v5v8jw foreign key (asset_id) references asset
Hibernate: alter table if exists return_request add constraint FKallcp9sa12jyjstmsvdrl7gd3 foreign key (employee_id) references employee
Hibernate: alter table if exists service_request add constraint FKppgg978nnelu6dibpdtym2ffo foreign key (asset_id) references asset
Hibernate: alter table if exists service_request add constraint FKio9ih9doel1g9x9l2herxgvsb foreign key (employee_id) references employee
2025-07-16T23:13:32.469+05:30  INFO 5148 --- [assetmanagement] [           main] j.LocalContainerEntityManagerFactoryBean : Initialized JPA EntityManagerFactory for persistence unit 'default'
2025-07-16T23:13:33.882+05:30  INFO 5148 --- [assetmanagement] [           main] o.s.d.j.r.query.QueryEnhancerFactory     : Hibernate is in classpath; If applicable, HQL parser will be used.
2025-07-16T23:13:35.269+05:30  INFO 5148 --- [assetmanagement] [           main] eAuthenticationProviderManagerConfigurer : Global AuthenticationManager configured with AuthenticationProvider bean with name authenticationProvider
2025-07-16T23:13:35.269+05:30  WARN 5148 --- [assetmanagement] [           main] r$InitializeUserDetailsManagerConfigurer : Global AuthenticationManager configured with an AuthenticationProvider bean. UserDetailsService beans will not be used by Spring Security for automatically configuring username/password login. Consider removing the AuthenticationProvider bean. Alternatively, consider using the UserDetailsService in a manually instantiated DaoAuthenticationProvider. If the current configuration is intentional, to turn off this warning, increase the logging level of 'org.springframework.security.config.annotation.authentication.configuration.InitializeUserDetailsBeanManagerConfigurer' to ERROR
2025-07-16T23:13:35.382+05:30  WARN 5148 --- [assetmanagement] [           main] JpaBaseConfiguration$JpaWebConfiguration : spring.jpa.open-in-view is enabled by default. Therefore, database queries may be performed during view rendering. Explicitly configure spring.jpa.open-in-view to disable this warning
2025-07-16T23:13:36.904+05:30  INFO 5148 --- [assetmanagement] [           main] o.s.b.t.m.w.SpringBootMockServletContext : Initializing Spring TestDispatcherServlet ''
2025-07-16T23:13:36.905+05:30  INFO 5148 --- [assetmanagement] [           main] o.s.t.web.servlet.TestDispatcherServlet  : Initializing Servlet ''
2025-07-16T23:13:36.907+05:30  INFO 5148 --- [assetmanagement] [           main] o.s.t.web.servlet.TestDispatcherServlet  : Completed initialization in 2 ms
2025-07-16T23:13:36.963+05:30  INFO 5148 --- [assetmanagement] [           main] c.e.a.i.UserRestIntegrationTest          : Started UserRestIntegrationTest in 13.961 seconds (process running for 16.937)
Hibernate: select sr1_0.id,sr1_0.asset_id,sr1_0.description,sr1_0.employee_id,sr1_0.issue_type,sr1_0.request_date,sr1_0.status from service_request sr1_0
Hibernate: select nar1_0.id,nar1_0.asset_id,nar1_0.description,nar1_0.employee_id,nar1_0.address_line1,nar1_0.phone,nar1_0.request_date,nar1_0.request_reason,nar1_0.category_id,nar1_0.status,nar1_0.zip_code from new_asset_request nar1_0
Hibernate: select aa1_0.id,aa1_0.allocation_date,aa1_0.allocation_status,aa1_0.asset_id,aa1_0.employee_id,aa1_0.request_date,aa1_0.return_date from asset_allocation aa1_0
Hibernate: select aa1_0.id,aa1_0.asset_id,aa1_0.audit_date,aa1_0.employee_id,aa1_0.remarks,aa1_0.status from asset_audit aa1_0
Hibernate: select u1_0.id,u1_0.email,u1_0.password,u1_0.username,u1_0.userrole from users u1_0
Hibernate: select e1_0.id,e1_0.address,e1_0.contact_number,e1_0.created_at,e1_0.email,e1_0.empstatus,e1_0.gender,e1_0.name,e1_0.password,e1_0.role,e1_0.username from employee e1_0
Hibernate: insert into users (email,password,username,userrole,id) values (?,?,?,?,default)
Hibernate: insert into employee (address,contact_number,created_at,email,empstatus,gender,name,password,role,username,id) values (?,?,?,?,?,?,?,?,?,?,default)

MockHttpServletRequest:
      HTTP Method = POST
      Request URI = /api/user/login
       Parameters = {}
          Headers = [Content-Type:"application/json;charset=UTF-8", Content-Length:"50"]
             Body = {"email":"test@example.com","password":"password"}
    Session Attrs = {}

Handler:
             Type = org.springframework.web.servlet.resource.ResourceHttpRequestHandler

Async:
    Async started = false
     Async result = null

Resolved Exception:
             Type = org.springframework.web.servlet.resource.NoResourceFoundException

ModelAndView:
        View name = null
             View = null
            Model = null

FlashMap:
       Attributes = null

MockHttpServletResponse:
           Status = 500
    Error message = null
          Headers = [Vary:"Origin", "Access-Control-Request-Method", "Access-Control-Request-Headers", Content-Type:"text/plain;charset=UTF-8", Content-Length:"53", X-Content-Type-Options:"nosniff", X-XSS-Protection:"0", Cache-Control:"no-cache, no-store, max-age=0, must-revalidate", Pragma:"no-cache", Expires:"0", X-Frame-Options:"DENY"]
     Content type = text/plain;charset=UTF-8
             Body = An error occurred: No static resource api/user/login.
    Forwarded URL = null
   Redirected URL = null
          Cookies = []
]]></system-out>
    <system-err><![CDATA[Mockito is currently self-attaching to enable the inline-mock-maker. This will no longer work in future releases of the JDK. Please add Mockito as an agent to your build as described in Mockito's documentation: https://javadoc.io/doc/org.mockito/mockito-core/latest/org.mockito/org/mockito/Mockito.html#0.3
WARNING: A Java agent has been loaded dynamically (C:\Users\KEERTHANA\.m2\repository\net\bytebuddy\byte-buddy-agent\1.17.5\byte-buddy-agent-1.17.5.jar)
WARNING: If a serviceability tool is in use, please run with -XX:+EnableDynamicAgentLoading to hide this warning
WARNING: If a serviceability tool is not in use, please run with -Djdk.instrument.traceUsage for more information
WARNING: Dynamic loading of agents will be disallowed by default in a future release
]]></system-err>
  </testcase>
  <testcase name="testLogin_Failure" classname="com.example.assetmanagement.integrationtest.UserRestIntegrationTest" time="0.05">
    <failure message="Status expected:&lt;401&gt; but was:&lt;500&gt;" type="java.lang.AssertionError"><![CDATA[java.lang.AssertionError: Status expected:<401> but was:<500>
	at org.springframework.test.util.AssertionErrors.fail(AssertionErrors.java:61)
	at org.springframework.test.util.AssertionErrors.assertEquals(AssertionErrors.java:128)
	at org.springframework.test.web.servlet.result.StatusResultMatchers.lambda$matcher$9(StatusResultMatchers.java:640)
	at org.springframework.test.web.servlet.MockMvc$1.andExpect(MockMvc.java:214)
	at com.example.assetmanagement.integrationtest.UserRestIntegrationTest.testLogin_Failure(UserRestIntegrationTest.java:98)
	at java.base/java.lang.reflect.Method.invoke(Method.java:565)
	at java.base/java.util.ArrayList.forEach(ArrayList.java:1604)
	at java.base/java.util.ArrayList.forEach(ArrayList.java:1604)
]]></failure>
    <system-out><![CDATA[Hibernate: select sr1_0.id,sr1_0.asset_id,sr1_0.description,sr1_0.employee_id,sr1_0.issue_type,sr1_0.request_date,sr1_0.status from service_request sr1_0
Hibernate: select nar1_0.id,nar1_0.asset_id,nar1_0.description,nar1_0.employee_id,nar1_0.address_line1,nar1_0.phone,nar1_0.request_date,nar1_0.request_reason,nar1_0.category_id,nar1_0.status,nar1_0.zip_code from new_asset_request nar1_0
Hibernate: select aa1_0.id,aa1_0.allocation_date,aa1_0.allocation_status,aa1_0.asset_id,aa1_0.employee_id,aa1_0.request_date,aa1_0.return_date from asset_allocation aa1_0
Hibernate: select aa1_0.id,aa1_0.asset_id,aa1_0.audit_date,aa1_0.employee_id,aa1_0.remarks,aa1_0.status from asset_audit aa1_0
Hibernate: select u1_0.id,u1_0.email,u1_0.password,u1_0.username,u1_0.userrole from users u1_0
Hibernate: select e1_0.id,e1_0.address,e1_0.contact_number,e1_0.created_at,e1_0.email,e1_0.empstatus,e1_0.gender,e1_0.name,e1_0.password,e1_0.role,e1_0.username from employee e1_0
Hibernate: insert into users (email,password,username,userrole,id) values (?,?,?,?,default)
Hibernate: insert into employee (address,contact_number,created_at,email,empstatus,gender,name,password,role,username,id) values (?,?,?,?,?,?,?,?,?,?,default)

MockHttpServletRequest:
      HTTP Method = POST
      Request URI = /api/user/login
       Parameters = {}
          Headers = [Content-Type:"application/json;charset=UTF-8", Content-Length:"50"]
             Body = {"email":"invalid@example.com","password":"wrong"}
    Session Attrs = {}

Handler:
             Type = org.springframework.web.servlet.resource.ResourceHttpRequestHandler

Async:
    Async started = false
     Async result = null

Resolved Exception:
             Type = org.springframework.web.servlet.resource.NoResourceFoundException

ModelAndView:
        View name = null
             View = null
            Model = null

FlashMap:
       Attributes = null

MockHttpServletResponse:
           Status = 500
    Error message = null
          Headers = [Vary:"Origin", "Access-Control-Request-Method", "Access-Control-Request-Headers", Content-Type:"text/plain;charset=UTF-8", Content-Length:"53", X-Content-Type-Options:"nosniff", X-XSS-Protection:"0", Cache-Control:"no-cache, no-store, max-age=0, must-revalidate", Pragma:"no-cache", Expires:"0", X-Frame-Options:"DENY"]
     Content type = text/plain;charset=UTF-8
             Body = An error occurred: No static resource api/user/login.
    Forwarded URL = null
   Redirected URL = null
          Cookies = []
]]></system-out>
  </testcase>
  <testcase name="testForgotPassword_Success" classname="com.example.assetmanagement.integrationtest.UserRestIntegrationTest" time="0.049">
    <failure message="Status expected:&lt;200&gt; but was:&lt;500&gt;" type="java.lang.AssertionError"><![CDATA[java.lang.AssertionError: Status expected:<200> but was:<500>
	at org.springframework.test.util.AssertionErrors.fail(AssertionErrors.java:61)
	at org.springframework.test.util.AssertionErrors.assertEquals(AssertionErrors.java:128)
	at org.springframework.test.web.servlet.result.StatusResultMatchers.lambda$matcher$9(StatusResultMatchers.java:640)
	at org.springframework.test.web.servlet.MockMvc$1.andExpect(MockMvc.java:214)
	at com.example.assetmanagement.integrationtest.UserRestIntegrationTest.testForgotPassword_Success(UserRestIntegrationTest.java:110)
	at java.base/java.lang.reflect.Method.invoke(Method.java:565)
	at java.base/java.util.ArrayList.forEach(ArrayList.java:1604)
	at java.base/java.util.ArrayList.forEach(ArrayList.java:1604)
]]></failure>
    <system-out><![CDATA[Hibernate: select sr1_0.id,sr1_0.asset_id,sr1_0.description,sr1_0.employee_id,sr1_0.issue_type,sr1_0.request_date,sr1_0.status from service_request sr1_0
Hibernate: select nar1_0.id,nar1_0.asset_id,nar1_0.description,nar1_0.employee_id,nar1_0.address_line1,nar1_0.phone,nar1_0.request_date,nar1_0.request_reason,nar1_0.category_id,nar1_0.status,nar1_0.zip_code from new_asset_request nar1_0
Hibernate: select aa1_0.id,aa1_0.allocation_date,aa1_0.allocation_status,aa1_0.asset_id,aa1_0.employee_id,aa1_0.request_date,aa1_0.return_date from asset_allocation aa1_0
Hibernate: select aa1_0.id,aa1_0.asset_id,aa1_0.audit_date,aa1_0.employee_id,aa1_0.remarks,aa1_0.status from asset_audit aa1_0
Hibernate: select u1_0.id,u1_0.email,u1_0.password,u1_0.username,u1_0.userrole from users u1_0
Hibernate: select e1_0.id,e1_0.address,e1_0.contact_number,e1_0.created_at,e1_0.email,e1_0.empstatus,e1_0.gender,e1_0.name,e1_0.password,e1_0.role,e1_0.username from employee e1_0
Hibernate: insert into users (email,password,username,userrole,id) values (?,?,?,?,default)
Hibernate: insert into employee (address,contact_number,created_at,email,empstatus,gender,name,password,role,username,id) values (?,?,?,?,?,?,?,?,?,?,default)

MockHttpServletRequest:
      HTTP Method = POST
      Request URI = /api/user/forgot-password
       Parameters = {}
          Headers = [Content-Type:"application/json;charset=UTF-8", Content-Length:"53"]
             Body = {"email":"test@example.com","password":"newPassword"}
    Session Attrs = {}

Handler:
             Type = org.springframework.web.servlet.resource.ResourceHttpRequestHandler

Async:
    Async started = false
     Async result = null

Resolved Exception:
             Type = org.springframework.web.servlet.resource.NoResourceFoundException

ModelAndView:
        View name = null
             View = null
            Model = null

FlashMap:
       Attributes = null

MockHttpServletResponse:
           Status = 500
    Error message = null
          Headers = [Vary:"Origin", "Access-Control-Request-Method", "Access-Control-Request-Headers", Content-Type:"text/plain;charset=UTF-8", Content-Length:"63", X-Content-Type-Options:"nosniff", X-XSS-Protection:"0", Cache-Control:"no-cache, no-store, max-age=0, must-revalidate", Pragma:"no-cache", Expires:"0", X-Frame-Options:"DENY"]
     Content type = text/plain;charset=UTF-8
             Body = An error occurred: No static resource api/user/forgot-password.
    Forwarded URL = null
   Redirected URL = null
          Cookies = []
]]></system-out>
  </testcase>
  <testcase name="testForgotPassword_Failure" classname="com.example.assetmanagement.integrationtest.UserRestIntegrationTest" time="0.062">
    <failure message="Status expected:&lt;400&gt; but was:&lt;500&gt;" type="java.lang.AssertionError"><![CDATA[java.lang.AssertionError: Status expected:<400> but was:<500>
	at org.springframework.test.util.AssertionErrors.fail(AssertionErrors.java:61)
	at org.springframework.test.util.AssertionErrors.assertEquals(AssertionErrors.java:128)
	at org.springframework.test.web.servlet.result.StatusResultMatchers.lambda$matcher$9(StatusResultMatchers.java:640)
	at org.springframework.test.web.servlet.MockMvc$1.andExpect(MockMvc.java:214)
	at com.example.assetmanagement.integrationtest.UserRestIntegrationTest.testForgotPassword_Failure(UserRestIntegrationTest.java:122)
	at java.base/java.lang.reflect.Method.invoke(Method.java:565)
	at java.base/java.util.ArrayList.forEach(ArrayList.java:1604)
	at java.base/java.util.ArrayList.forEach(ArrayList.java:1604)
]]></failure>
    <system-out><![CDATA[Hibernate: select sr1_0.id,sr1_0.asset_id,sr1_0.description,sr1_0.employee_id,sr1_0.issue_type,sr1_0.request_date,sr1_0.status from service_request sr1_0
Hibernate: select nar1_0.id,nar1_0.asset_id,nar1_0.description,nar1_0.employee_id,nar1_0.address_line1,nar1_0.phone,nar1_0.request_date,nar1_0.request_reason,nar1_0.category_id,nar1_0.status,nar1_0.zip_code from new_asset_request nar1_0
Hibernate: select aa1_0.id,aa1_0.allocation_date,aa1_0.allocation_status,aa1_0.asset_id,aa1_0.employee_id,aa1_0.request_date,aa1_0.return_date from asset_allocation aa1_0
Hibernate: select aa1_0.id,aa1_0.asset_id,aa1_0.audit_date,aa1_0.employee_id,aa1_0.remarks,aa1_0.status from asset_audit aa1_0
Hibernate: select u1_0.id,u1_0.email,u1_0.password,u1_0.username,u1_0.userrole from users u1_0
Hibernate: select e1_0.id,e1_0.address,e1_0.contact_number,e1_0.created_at,e1_0.email,e1_0.empstatus,e1_0.gender,e1_0.name,e1_0.password,e1_0.role,e1_0.username from employee e1_0
Hibernate: insert into users (email,password,username,userrole,id) values (?,?,?,?,default)
Hibernate: insert into employee (address,contact_number,created_at,email,empstatus,gender,name,password,role,username,id) values (?,?,?,?,?,?,?,?,?,?,default)

MockHttpServletRequest:
      HTTP Method = POST
      Request URI = /api/user/forgot-password
       Parameters = {}
          Headers = [Content-Type:"application/json;charset=UTF-8", Content-Length:"56"]
             Body = {"email":"invalid@example.com","password":"newPassword"}
    Session Attrs = {}

Handler:
             Type = org.springframework.web.servlet.resource.ResourceHttpRequestHandler

Async:
    Async started = false
     Async result = null

Resolved Exception:
             Type = org.springframework.web.servlet.resource.NoResourceFoundException

ModelAndView:
        View name = null
             View = null
            Model = null

FlashMap:
       Attributes = null

MockHttpServletResponse:
           Status = 500
    Error message = null
          Headers = [Vary:"Origin", "Access-Control-Request-Method", "Access-Control-Request-Headers", Content-Type:"text/plain;charset=UTF-8", Content-Length:"63", X-Content-Type-Options:"nosniff", X-XSS-Protection:"0", Cache-Control:"no-cache, no-store, max-age=0, must-revalidate", Pragma:"no-cache", Expires:"0", X-Frame-Options:"DENY"]
     Content type = text/plain;charset=UTF-8
             Body = An error occurred: No static resource api/user/forgot-password.
    Forwarded URL = null
   Redirected URL = null
          Cookies = []
]]></system-out>
  </testcase>
</testsuite>